<?xml version="1.0" encoding="UTF-8"?>
<testng-results ignored="0" total="1" passed="1" failed="0" skipped="0">
  <reporter-output>
  </reporter-output>
  <suite started-at="2023-10-08T16:00:50 IST" name="Surefire suite" finished-at="2023-10-08T16:00:50 IST" duration-ms="52">
    <groups>
    </groups>
    <test started-at="2023-10-08T16:00:50 IST" name="Surefire test" finished-at="2023-10-08T16:00:50 IST" duration-ms="52">
      <class name="com.techademy.project.AppTest">
        <test-method signature="shouldAnswerWithTrue()" started-at="2023-10-08T16:00:50 IST" name="shouldAnswerWithTrue" finished-at="2023-10-08T16:00:50 IST" duration-ms="4" status="PASS">
          <reporter-output>
          </reporter-output>
        </test-method> <!-- shouldAnswerWithTrue -->
      </class> <!-- com.techademy.project.AppTest -->
    </test> <!-- Surefire test -->
  </suite> <!-- Surefire suite -->
</testng-results>
