-------------------------------------------------------------------------------
Test set: TestSuite
-------------------------------------------------------------------------------
Tests run: 3, Failures: 1, Errors: 0, Skipped: 0, Time elapsed: 34.776 s <<< FAILURE! - in TestSuite
autoDemoTest(AutomationAnywhereDemoTest)  Time elapsed: 18.148 s  <<< FAILURE!
java.lang.AssertionError: expected [https://www.automationanywhere.com/request-live-demo-2] but found [https://www.automationanywhere.com/request-live-demo]
	at AutomationAnywhereDemoTest.autoDemoTest(AutomationAnywhereDemoTest.java:33)

